{
  "RSpec": {
    "coverage": {
      "/Users/Luiz/Max/Projects/final-project/brimserver/config/environment.rb": [
        null,
        1,
        null,
        null,
        1
      ],
      "/Users/Luiz/Max/Projects/final-project/brimserver/config/application.rb": [
        1,
        null,
        1,
        null,
        1,
        1,
        1,
        1,
        1,
        1,
        1,
        null,
        null,
        null,
        null,
        null,
        1,
        null,
        1,
        1,
        null,
        null,
        null,
        null,
        null,
        null,
        null,
        1,
        null,
        null
      ],
      "/Users/Luiz/Max/Projects/final-project/brimserver/config/boot.rb": [
        1,
        null,
        1
      ],
      "/Users/Luiz/Max/Projects/final-project/brimserver/config/environments/test.rb": [
        1,
        null,
        null,
        null,
        null,
        null,
        null,
        1,
        null,
        null,
        null,
        null,
        1,
        null,
        null,
        1,
        1,
        null,
        null,
        null,
        null,
        1,
        1,
        null,
        null,
        1,
        null,
        null,
        1,
        1,
        null,
        null,
        null,
        null,
        1,
        null,
        null,
        1,
        null,
        null,
        null,
        null
      ],
      "/Users/Luiz/Max/Projects/final-project/brimserver/config/initializers/active_record_belongs_to_required_by_default.rb": [
        null,
        null,
        null,
        null,
        null,
        1
      ],
      "/Users/Luiz/Max/Projects/final-project/brimserver/config/initializers/application_controller_renderer.rb": [
        null,
        null,
        null,
        null,
        null,
        null
      ],
      "/Users/Luiz/Max/Projects/final-project/brimserver/config/initializers/backtrace_silencers.rb": [
        null,
        null,
        null,
        null,
        null,
        null,
        null
      ],
      "/Users/Luiz/Max/Projects/final-project/brimserver/config/initializers/callback_terminator.rb": [
        null,
        null,
        null,
        null,
        null,
        1
      ],
      "/Users/Luiz/Max/Projects/final-project/brimserver/config/initializers/cors.rb": [
        null,
        null,
        null,
        null,
        null,
        null,
        null,
        null,
        null,
        null,
        null,
        null,
        null,
        null,
        null,
        null
      ],
      "/Users/Luiz/Max/Projects/final-project/brimserver/config/initializers/devise.rb": [
        null,
        null,
        1,
        null,
        1,
        null,
        null,
        null,
        null,
        null,
        null,
        null,
        null,
        null,
        null,
        null,
        null,
        1,
        null,
        null,
        null,
        null,
        null,
        null,
        null,
        null,
        null,
        null,
        null,
        1,
        null,
        null,
        null,
        null,
        null,
        null,
        null,
        null,
        null,
        null,
        null,
        null,
        null,
        null,
        null,
        null,
        null,
        null,
        null,
        null,
        null,
        1,
        null,
        null,
        null,
        null,
        1,
        null,
        null,
        null,
        null,
        null,
        null,
        null,
        null,
        null,
        null,
        null,
        null,
        null,
        null,
        null,
        null,
        null,
        null,
        null,
        null,
        null,
        null,
        null,
        null,
        null,
        null,
        null,
        null,
        null,
        null,
        1,
        null,
        null,
        null,
        null,
        null,
        null,
        null,
        null,
        null,
        null,
        null,
        null,
        null,
        null,
        null,
        null,
        1,
        null,
        null,
        null,
        null,
        null,
        null,
        null,
        null,
        null,
        null,
        null,
        null,
        null,
        null,
        null,
        null,
        null,
        null,
        null,
        null,
        null,
        null,
        null,
        null,
        null,
        null,
        null,
        1,
        null,
        null,
        null,
        null,
        null,
        null,
        null,
        null,
        null,
        1,
        null,
        null,
        null,
        null,
        null,
        null,
        null,
        null,
        null,
        null,
        1,
        null,
        null,
        null,
        null,
        1,
        null,
        null,
        null,
        null,
        null,
        null,
        null,
        null,
        null,
        null,
        null,
        null,
        null,
        null,
        null,
        null,
        null,
        null,
        null,
        null,
        null,
        null,
        null,
        null,
        null,
        null,
        null,
        null,
        null,
        null,
        null,
        null,
        null,
        null,
        null,
        null,
        null,
        null,
        null,
        null,
        1,
        null,
        null,
        null,
        null,
        null,
        null,
        null,
        null,
        null,
        null,
        null,
        null,
        null,
        null,
        null,
        null,
        null,
        null,
        null,
        null,
        null,
        null,
        null,
        null,
        null,
        null,
        null,
        null,
        null,
        null,
        null,
        null,
        null,
        null,
        null,
        null,
        null,
        null,
        null,
        null,
        null,
        1,
        null,
        null,
        null,
        null,
        null,
        null,
        null,
        null,
        null,
        null,
        null,
        null,
        null,
        null,
        null,
        null,
        null,
        null,
        null,
        null,
        null,
        null,
        null,
        null,
        null,
        null,
        null,
        null,
        null
      ],
      "/Users/Luiz/Max/Projects/final-project/brimserver/config/initializers/filter_parameter_logging.rb": [
        null,
        null,
        null,
        1
      ],
      "/Users/Luiz/Max/Projects/final-project/brimserver/config/initializers/inflections.rb": [
        null,
        null,
        null,
        null,
        null,
        null,
        null,
        null,
        null,
        null,
        null,
        null,
        null,
        null,
        null,
        null
      ],
      "/Users/Luiz/Max/Projects/final-project/brimserver/config/initializers/mime_types.rb": [
        null,
        null,
        null,
        null
      ],
      "/Users/Luiz/Max/Projects/final-project/brimserver/config/initializers/ssl_options.rb": [
        null,
        null,
        null,
        1
      ],
      "/Users/Luiz/Max/Projects/final-project/brimserver/config/initializers/to_time_preserves_timezone.rb": [
        null,
        null,
        null,
        null,
        null,
        null,
        null,
        null,
        null,
        1
      ],
      "/Users/Luiz/Max/Projects/final-project/brimserver/config/initializers/wrap_parameters.rb": [
        null,
        null,
        null,
        null,
        null,
        null,
        1,
        1,
        null,
        null,
        null,
        null,
        null,
        null
      ],
      "/Users/Luiz/Max/Projects/final-project/brimserver/app/channels/application_cable/connection.rb": [
        null,
        1,
        1,
        null,
        null
      ],
      "/Users/Luiz/Max/Projects/final-project/brimserver/config/routes.rb": [
        1,
        1,
        null,
        null
      ],
      "/Users/Luiz/Max/Projects/final-project/brimserver/app/models/user.rb": [
        1,
        null,
        null,
        null,
        1,
        null,
        1,
        null,
        null
      ],
      "/Users/Luiz/Max/Projects/final-project/brimserver/app/models/application_record.rb": [
        1,
        1,
        null
      ],
      "/Users/Luiz/Max/Projects/final-project/brimserver/spec/models/search_spec.rb": [
        1,
        null,
        2,
        2,
        null,
        null
      ],
      "/Users/Luiz/Max/Projects/final-project/brimserver/app/models/search.rb": [
        1,
        null,
        1,
        1,
        null,
        null
      ],
      "/Users/Luiz/Max/Projects/final-project/brimserver/spec/models/tag_spec.rb": [
        1,
        null,
        2,
        null,
        null
      ],
      "/Users/Luiz/Max/Projects/final-project/brimserver/app/models/tag.rb": [
        1,
        null,
        1,
        null,
        null,
        null
      ],
      "/Users/Luiz/Max/Projects/final-project/brimserver/spec/models/user_spec.rb": [
        1,
        null,
        2,
        null,
        null,
        null
      ]
    },
    "timestamp": 1465911951
  }
}
